FILE: C:/projects/lab3t/BRlab4/Temp/Includes/Runtime.h
FILE: C:/projects/lab3t/BRlab4/Temp/Includes/astime.h
FILE: C:/projects/lab3t/BRlab4/Temp/Includes/NcGlobal.h
FILE: C:/projects/lab3t/BRlab4/Temp/Includes/brsystem.h
FILE: C:/projects/lab3t/BRlab4/Temp/Includes/AsMath.h
FILE: C:/projects/lab3t/BRlab4/Temp/Includes/DataObj.h
FILE: C:/projects/lab3t/BRlab4/Temp/Includes/AsArLog.h
FILE: C:/projects/lab3t/BRlab4/Temp/Includes/FileIO.h
FILE: C:/projects/lab3t/BRlab4/Temp/Includes/AsArProf.h
FILE: C:/projects/lab3t/BRlab4/Temp/Includes/AsMem.h
FILE: C:/projects/lab3t/BRlab4/Temp/Includes/Acp10_MC.h
FILE: C:/projects/lab3t/BRlab4/Temp/Includes/Acp10sdc.h
FILE: C:/projects/lab3t/BRlab4/Temp/Includes/Acp10sim.h
FILE: C:/projects/lab3t/BRlab4/Temp/Includes/globalTYP.h
FILE: C:/projects/lab3t/BRlab4/Temp/Includes/Arnc0man.h
FILE: C:/projects/lab3t/BRlab4/Temp/Includes/globalVAR.h
FILE: C:/projects/lab3t/BRlab4/Temp/Includes/Acp10sdc.h
FILE: C:/projects/lab3t/BRlab4/Temp/Includes/globalVAR.h
FILE: C:/projects/lab3t/BRlab4/Temp/Includes/Acp10sdc.h
FILE: C:/projects/lab3t/BRlab4/Temp/Includes/globalVAR.h
FILE: C:/projects/lab3t/BRlab4/Temp/Includes/Acp10sdc.h
FILE: C:/projects/lab3t/BRlab4/Temp/Includes/globalVAR.h
FILE: C:/projects/lab3t/BRlab4/Temp/Includes/Acp10man.h
FILE: C:/projects/lab3t/BRlab4/Temp/Includes/globalVAR.h
FILE: C:/projects/lab3t/BRlab4/Temp/Includes/Acp10sdc.h
FILE: C:/projects/lab3t/BRlab4/Temp/Includes/globalVAR.h
FILE: C:/projects/lab3t/BRlab4/Temp/Includes/typesTYP.h
FILE: C:/projects/lab3t/BRlab4/Temp/Includes/SDCAxisCtrl_X/variablesVAR.h
FILE: C:/projects/lab3t/BRlab4/Temp/Includes/Library.h
FILE: C:/projects/lab3t/BRlab4/Temp/Includes/SDCAxisCtrl_X/variablesVAR.h
FILE: C:/projects/lab3t/BRlab4/Temp/Includes/Library.h
FILE: C:/projects/lab3t/BRlab4/Temp/Includes/SDCAxisCtrl_X/variablesVAR.h
FILE: C:/projects/lab3t/BRlab4/Logical/SDCAxisCtrl_X/Main.c
